[2026-07-06T15:11:48.091Z] [error] Failed to load resource: the server responded with a status of 404 ()
[2026-07-06T15:11:51.764Z] [warning] The resource https://assets.ngrok.com/fonts/euclid-square/EuclidSquare-MediumItalic-WebS.woff was preloaded using link preload but not used within a few seconds from the window's load event. Please make sure it has an appropriate `as` value and it is preloaded intentionally.
[2026-07-06T15:11:51.767Z] [warning] The resource https://assets.ngrok.com/fonts/euclid-square/EuclidSquare-Regular-WebS.woff was preloaded using link preload but not used within a few seconds from the window's load event. Please make sure it has an appropriate `as` value and it is preloaded intentionally.
[2026-07-06T15:11:51.767Z] [warning] The resource https://assets.ngrok.com/fonts/euclid-square/EuclidSquare-RegularItalic-WebS.woff was preloaded using link preload but not used within a few seconds from the window's load event. Please make sure it has an appropriate `as` value and it is preloaded intentionally.
[2026-07-06T15:11:51.767Z] [warning] The resource https://assets.ngrok.com/fonts/euclid-square/EuclidSquare-Medium-WebS.woff was preloaded using link preload but not used within a few seconds from the window's load event. Please make sure it has an appropriate `as` value and it is preloaded intentionally.
[2026-07-06T15:11:51.767Z] [warning] The resource https://assets.ngrok.com/fonts/ibm-plex-mono/IBMPlexMono-Text.woff was preloaded using link preload but not used within a few seconds from the window's load event. Please make sure it has an appropriate `as` value and it is preloaded intentionally.
[2026-07-06T15:11:51.767Z] [warning] The resource https://assets.ngrok.com/fonts/ibm-plex-mono/IBMPlexMono-SemiBoldItalic.woff was preloaded using link preload but not used within a few seconds from the window's load event. Please make sure it has an appropriate `as` value and it is preloaded intentionally.
[2026-07-06T15:11:51.767Z] [warning] The resource https://assets.ngrok.com/fonts/ibm-plex-mono/IBMPlexMono-SemiBold.woff was preloaded using link preload but not used within a few seconds from the window's load event. Please make sure it has an appropriate `as` value and it is preloaded intentionally.
[2026-07-06T15:11:51.767Z] [warning] The resource https://assets.ngrok.com/fonts/ibm-plex-mono/IBMPlexMono-TextItalic.woff was preloaded using link preload but not used within a few seconds from the window's load event. Please make sure it has an appropriate `as` value and it is preloaded intentionally.
[2026-07-06T15:14:47.957Z] [error] Failed to load resource: the server responded with a status of 404 ()
[2026-07-06T15:14:51.343Z] [warning] The resource https://assets.ngrok.com/fonts/euclid-square/EuclidSquare-MediumItalic-WebS.woff was preloaded using link preload but not used within a few seconds from the window's load event. Please make sure it has an appropriate `as` value and it is preloaded intentionally.
[2026-07-06T15:14:51.343Z] [warning] The resource https://assets.ngrok.com/fonts/euclid-square/EuclidSquare-Regular-WebS.woff was preloaded using link preload but not used within a few seconds from the window's load event. Please make sure it has an appropriate `as` value and it is preloaded intentionally.
[2026-07-06T15:14:51.343Z] [warning] The resource https://assets.ngrok.com/fonts/euclid-square/EuclidSquare-RegularItalic-WebS.woff was preloaded using link preload but not used within a few seconds from the window's load event. Please make sure it has an appropriate `as` value and it is preloaded intentionally.
[2026-07-06T15:14:51.344Z] [warning] The resource https://assets.ngrok.com/fonts/euclid-square/EuclidSquare-Medium-WebS.woff was preloaded using link preload but not used within a few seconds from the window's load event. Please make sure it has an appropriate `as` value and it is preloaded intentionally.
[2026-07-06T15:14:51.344Z] [warning] The resource https://assets.ngrok.com/fonts/ibm-plex-mono/IBMPlexMono-Text.woff was preloaded using link preload but not used within a few seconds from the window's load event. Please make sure it has an appropriate `as` value and it is preloaded intentionally.
[2026-07-06T15:14:51.344Z] [warning] The resource https://assets.ngrok.com/fonts/ibm-plex-mono/IBMPlexMono-SemiBoldItalic.woff was preloaded using link preload but not used within a few seconds from the window's load event. Please make sure it has an appropriate `as` value and it is preloaded intentionally.
[2026-07-06T15:14:51.344Z] [warning] The resource https://assets.ngrok.com/fonts/ibm-plex-mono/IBMPlexMono-SemiBold.woff was preloaded using link preload but not used within a few seconds from the window's load event. Please make sure it has an appropriate `as` value and it is preloaded intentionally.
[2026-07-06T15:14:51.344Z] [warning] The resource https://assets.ngrok.com/fonts/ibm-plex-mono/IBMPlexMono-TextItalic.woff was preloaded using link preload but not used within a few seconds from the window's load event. Please make sure it has an appropriate `as` value and it is preloaded intentionally.
[2026-07-06T15:15:03.543Z] [error] Failed to load resource: the server responded with a status of 404 (Not Found)
[2026-07-06T15:16:07.061Z] [error] Failed to load resource: the server responded with a status of 404 ()
[2026-07-06T15:16:10.239Z] [warning] The resource https://assets.ngrok.com/fonts/euclid-square/EuclidSquare-MediumItalic-WebS.woff was preloaded using link preload but not used within a few seconds from the window's load event. Please make sure it has an appropriate `as` value and it is preloaded intentionally.
[2026-07-06T15:16:10.239Z] [warning] The resource https://assets.ngrok.com/fonts/euclid-square/EuclidSquare-Regular-WebS.woff was preloaded using link preload but not used within a few seconds from the window's load event. Please make sure it has an appropriate `as` value and it is preloaded intentionally.
[2026-07-06T15:16:10.239Z] [warning] The resource https://assets.ngrok.com/fonts/euclid-square/EuclidSquare-RegularItalic-WebS.woff was preloaded using link preload but not used within a few seconds from the window's load event. Please make sure it has an appropriate `as` value and it is preloaded intentionally.
[2026-07-06T15:16:10.239Z] [warning] The resource https://assets.ngrok.com/fonts/euclid-square/EuclidSquare-Medium-WebS.woff was preloaded using link preload but not used within a few seconds from the window's load event. Please make sure it has an appropriate `as` value and it is preloaded intentionally.
[2026-07-06T15:16:10.240Z] [warning] The resource https://assets.ngrok.com/fonts/ibm-plex-mono/IBMPlexMono-Text.woff was preloaded using link preload but not used within a few seconds from the window's load event. Please make sure it has an appropriate `as` value and it is preloaded intentionally.
[2026-07-06T15:16:10.240Z] [warning] The resource https://assets.ngrok.com/fonts/ibm-plex-mono/IBMPlexMono-SemiBoldItalic.woff was preloaded using link preload but not used within a few seconds from the window's load event. Please make sure it has an appropriate `as` value and it is preloaded intentionally.
[2026-07-06T15:16:10.240Z] [warning] The resource https://assets.ngrok.com/fonts/ibm-plex-mono/IBMPlexMono-SemiBold.woff was preloaded using link preload but not used within a few seconds from the window's load event. Please make sure it has an appropriate `as` value and it is preloaded intentionally.
[2026-07-06T15:16:10.240Z] [warning] The resource https://assets.ngrok.com/fonts/ibm-plex-mono/IBMPlexMono-TextItalic.woff was preloaded using link preload but not used within a few seconds from the window's load event. Please make sure it has an appropriate `as` value and it is preloaded intentionally.
[2026-07-06T15:21:25.930Z] [warning] The resource https://assets.ngrok.com/fonts/euclid-square/EuclidSquare-MediumItalic-WebS.woff was preloaded using link preload but not used within a few seconds from the window's load event. Please make sure it has an appropriate `as` value and it is preloaded intentionally.
[2026-07-06T15:21:25.930Z] [warning] The resource https://assets.ngrok.com/fonts/euclid-square/EuclidSquare-Regular-WebS.woff was preloaded using link preload but not used within a few seconds from the window's load event. Please make sure it has an appropriate `as` value and it is preloaded intentionally.
[2026-07-06T15:21:25.930Z] [warning] The resource https://assets.ngrok.com/fonts/euclid-square/EuclidSquare-RegularItalic-WebS.woff was preloaded using link preload but not used within a few seconds from the window's load event. Please make sure it has an appropriate `as` value and it is preloaded intentionally.
[2026-07-06T15:21:25.930Z] [warning] The resource https://assets.ngrok.com/fonts/euclid-square/EuclidSquare-Medium-WebS.woff was preloaded using link preload but not used within a few seconds from the window's load event. Please make sure it has an appropriate `as` value and it is preloaded intentionally.
[2026-07-06T15:21:25.930Z] [warning] The resource https://assets.ngrok.com/fonts/ibm-plex-mono/IBMPlexMono-Text.woff was preloaded using link preload but not used within a few seconds from the window's load event. Please make sure it has an appropriate `as` value and it is preloaded intentionally.
[2026-07-06T15:21:25.930Z] [warning] The resource https://assets.ngrok.com/fonts/ibm-plex-mono/IBMPlexMono-SemiBoldItalic.woff was preloaded using link preload but not used within a few seconds from the window's load event. Please make sure it has an appropriate `as` value and it is preloaded intentionally.
[2026-07-06T15:21:25.930Z] [warning] The resource https://assets.ngrok.com/fonts/ibm-plex-mono/IBMPlexMono-SemiBold.woff was preloaded using link preload but not used within a few seconds from the window's load event. Please make sure it has an appropriate `as` value and it is preloaded intentionally.
[2026-07-06T15:21:25.930Z] [warning] The resource https://assets.ngrok.com/fonts/ibm-plex-mono/IBMPlexMono-TextItalic.woff was preloaded using link preload but not used within a few seconds from the window's load event. Please make sure it has an appropriate `as` value and it is preloaded intentionally.
[2026-07-06T15:21:54.394Z] [warning] cdn.tailwindcss.com should not be used in production. To use Tailwind CSS in production, install it as a PostCSS plugin or use the Tailwind CLI: https://tailwindcss.com/docs/installation
[2026-07-06T15:24:04.774Z] [warning] cdn.tailwindcss.com should not be used in production. To use Tailwind CSS in production, install it as a PostCSS plugin or use the Tailwind CLI: https://tailwindcss.com/docs/installation
[2026-07-06T15:25:29.215Z] [warning] cdn.tailwindcss.com should not be used in production. To use Tailwind CSS in production, install it as a PostCSS plugin or use the Tailwind CLI: https://tailwindcss.com/docs/installation
[2026-07-06T15:26:55.765Z] [warning] cdn.tailwindcss.com should not be used in production. To use Tailwind CSS in production, install it as a PostCSS plugin or use the Tailwind CLI: https://tailwindcss.com/docs/installation
[2026-07-06T15:28:06.416Z] [warning] cdn.tailwindcss.com should not be used in production. To use Tailwind CSS in production, install it as a PostCSS plugin or use the Tailwind CLI: https://tailwindcss.com/docs/installation
[2026-07-06T15:28:23.374Z] [warning] cdn.tailwindcss.com should not be used in production. To use Tailwind CSS in production, install it as a PostCSS plugin or use the Tailwind CLI: https://tailwindcss.com/docs/installation
[2026-07-06T15:28:32.970Z] [warning] cdn.tailwindcss.com should not be used in production. To use Tailwind CSS in production, install it as a PostCSS plugin or use the Tailwind CLI: https://tailwindcss.com/docs/installation
[2026-07-06T15:28:42.912Z] [warning] cdn.tailwindcss.com should not be used in production. To use Tailwind CSS in production, install it as a PostCSS plugin or use the Tailwind CLI: https://tailwindcss.com/docs/installation
